[     130ms] [LOG] [Fast Refresh] rebuilding @ http://localhost:6001/_next/static/chunks/node_modules_next_dist_1ybzpk2._.js:2477
[    1388ms] [LOG] [Fast Refresh] done in 1362ms @ http://localhost:6001/_next/static/chunks/node_modules_next_dist_1ybzpk2._.js:2477
[    1738ms] [INFO] %cDownload the React DevTools for a better development experience: https://react.dev/link/react-devtools font-weight:bold @ http://localhost:6001/_next/static/chunks/node_modules_next_dist_1ybzpk2._.js:2477
[    1806ms] [LOG] [HMR] connected @ http://localhost:6001/_next/static/chunks/node_modules_next_dist_1ybzpk2._.js:2477
[    2090ms] [LOG] [Fast Refresh] rebuilding @ http://localhost:6001/_next/static/chunks/node_modules_next_dist_1ybzpk2._.js:2477
[    2214ms] [LOG] [Fast Refresh] done in 241ms @ http://localhost:6001/_next/static/chunks/node_modules_next_dist_1ybzpk2._.js:2477
[    2228ms] [WARNING] Image with src "/profile.jpg" has "fill" but is missing "sizes" prop. Please add it to improve page performance. Read more: https://nextjs.org/docs/api-reference/next/image#sizes @ http://localhost:6001/_next/static/chunks/node_modules_next_dist_1ybzpk2._.js:2477
[  394107ms] [LOG] [Fast Refresh] rebuilding @ http://localhost:6001/_next/static/chunks/node_modules_next_dist_1ybzpk2._.js:2477
[  394252ms] [LOG] [Fast Refresh] done in 252ms @ http://localhost:6001/_next/static/chunks/node_modules_next_dist_1ybzpk2._.js:2477
[  395300ms] [INFO] %cDownload the React DevTools for a better development experience: https://react.dev/link/react-devtools font-weight:bold @ http://localhost:6001/_next/static/chunks/node_modules_next_dist_1ybzpk2._.js:2477
[  395395ms] [LOG] [HMR] connected @ http://localhost:6001/_next/static/chunks/node_modules_next_dist_1ybzpk2._.js:2477
[  395565ms] [LOG] [Fast Refresh] rebuilding @ http://localhost:6001/_next/static/chunks/node_modules_next_dist_1ybzpk2._.js:2477
[  395628ms] [WARNING] Image with src "/profile.jpg" has "fill" but is missing "sizes" prop. Please add it to improve page performance. Read more: https://nextjs.org/docs/api-reference/next/image#sizes @ http://localhost:6001/_next/static/chunks/node_modules_next_dist_1ybzpk2._.js:2477
[  396165ms] [LOG] [Fast Refresh] done in 710ms @ http://localhost:6001/_next/static/chunks/node_modules_next_dist_1ybzpk2._.js:2477
[  407963ms] [LOG] [Fast Refresh] rebuilding @ http://localhost:6001/_next/static/chunks/node_modules_next_dist_1ybzpk2._.js:2477
[  418395ms] [LOG] [Fast Refresh] done in 10442ms @ http://localhost:6001/_next/static/chunks/node_modules_next_dist_1ybzpk2._.js:2477
[  431187ms] [LOG] [Fast Refresh] rebuilding @ http://localhost:6001/_next/static/chunks/node_modules_next_dist_1ybzpk2._.js:2477
[  433624ms] [LOG] [Fast Refresh] done in 2479ms @ http://localhost:6001/_next/static/chunks/node_modules_next_dist_1ybzpk2._.js:2477
[  460117ms] [LOG] [Fast Refresh] rebuilding @ http://localhost:6001/_next/static/chunks/node_modules_next_dist_1ybzpk2._.js:2477
[  460344ms] [LOG] [Fast Refresh] done in 331ms @ http://localhost:6001/_next/static/chunks/node_modules_next_dist_1ybzpk2._.js:2477
[  460469ms] [LOG] [Fast Refresh] rebuilding @ http://localhost:6001/_next/static/chunks/node_modules_next_dist_1ybzpk2._.js:2477
[  464042ms] [LOG] [Fast Refresh] done in 3660ms @ http://localhost:6001/_next/static/chunks/node_modules_next_dist_1ybzpk2._.js:2477
[  464158ms] [LOG] [Fast Refresh] rebuilding @ http://localhost:6001/_next/static/chunks/node_modules_next_dist_1ybzpk2._.js:2477
[  466689ms] [LOG] [Fast Refresh] done in 2632ms @ http://localhost:6001/_next/static/chunks/node_modules_next_dist_1ybzpk2._.js:2477
[  513858ms] [LOG] [Fast Refresh] rebuilding @ http://localhost:6001/_next/static/chunks/node_modules_next_dist_1ybzpk2._.js:2477
[  518898ms] [LOG] [Fast Refresh] done in 5104ms @ http://localhost:6001/_next/static/chunks/node_modules_next_dist_1ybzpk2._.js:2477
[  521837ms] [LOG] [Fast Refresh] rebuilding @ http://localhost:6001/_next/static/chunks/node_modules_next_dist_1ybzpk2._.js:2477
[  522054ms] [LOG] [Fast Refresh] done in 266ms @ http://localhost:6001/_next/static/chunks/node_modules_next_dist_1ybzpk2._.js:2477
[  557660ms] [LOG] [Fast Refresh] rebuilding @ http://localhost:6001/_next/static/chunks/node_modules_next_dist_1ybzpk2._.js:2477
[  567222ms] [LOG] [Fast Refresh] done in 8095ms @ http://localhost:6001/_next/static/chunks/node_modules_next_dist_1ybzpk2._.js:2477
[  570070ms] [LOG] [Fast Refresh] rebuilding @ http://localhost:6001/_next/static/chunks/node_modules_next_dist_1ybzpk2._.js:2477
[  570091ms] [LOG] [Fast Refresh] done in 122ms @ http://localhost:6001/_next/static/chunks/node_modules_next_dist_1ybzpk2._.js:2477
