[    1574ms] [INFO] %cDownload the React DevTools for a better development experience: https://react.dev/link/react-devtools font-weight:bold @ http://localhost:6001/_next/static/chunks/node_modules_next_dist_1ybzpk2._.js:2477
[    1649ms] [LOG] [HMR] connected @ http://localhost:6001/_next/static/chunks/node_modules_next_dist_1ybzpk2._.js:2477
[    1921ms] [WARNING] Image with src "/profile.jpg" has "fill" but is missing "sizes" prop. Please add it to improve page performance. Read more: https://nextjs.org/docs/api-reference/next/image#sizes @ http://localhost:6001/_next/static/chunks/node_modules_next_dist_1ybzpk2._.js:2477
[  122957ms] [LOG] [Fast Refresh] rebuilding @ http://localhost:6001/_next/static/chunks/node_modules_next_dist_1ybzpk2._.js:2477
[  125490ms] [LOG] [Fast Refresh] done in 2608ms @ http://localhost:6001/_next/static/chunks/node_modules_next_dist_1ybzpk2._.js:2477
[  125613ms] [LOG] [Fast Refresh] rebuilding @ http://localhost:6001/_next/static/chunks/node_modules_next_dist_1ybzpk2._.js:2477
[  126551ms] [LOG] [Fast Refresh] done in 1047ms @ http://localhost:6001/_next/static/chunks/node_modules_next_dist_1ybzpk2._.js:2477
[  150210ms] [LOG] [Fast Refresh] rebuilding @ http://localhost:6001/_next/static/chunks/node_modules_next_dist_1ybzpk2._.js:2477
[  150767ms] [LOG] [Fast Refresh] done in 251ms @ http://localhost:6001/_next/static/chunks/node_modules_next_dist_1ybzpk2._.js:2477
[  168054ms] [LOG] [Fast Refresh] rebuilding @ http://localhost:6001/_next/static/chunks/node_modules_next_dist_1ybzpk2._.js:2477
[  168118ms] [LOG] [Fast Refresh] done in 170ms @ http://localhost:6001/_next/static/chunks/node_modules_next_dist_1ybzpk2._.js:2477
[  168809ms] [LOG] [Fast Refresh] rebuilding @ http://localhost:6001/_next/static/chunks/node_modules_next_dist_1ybzpk2._.js:2477
[  168916ms] [LOG] [Fast Refresh] done in 215ms @ http://localhost:6001/_next/static/chunks/node_modules_next_dist_1ybzpk2._.js:2477
[  169029ms] [LOG] [Fast Refresh] rebuilding @ http://localhost:6001/_next/static/chunks/node_modules_next_dist_1ybzpk2._.js:2477
[  169051ms] [LOG] [Fast Refresh] done in 129ms @ http://localhost:6001/_next/static/chunks/node_modules_next_dist_1ybzpk2._.js:2477
[ 1545143ms] [LOG] [Fast Refresh] rebuilding @ http://localhost:6001/_next/static/chunks/node_modules_next_dist_1ybzpk2._.js:2477
[ 1545220ms] [LOG] [Fast Refresh] done in 177ms @ http://localhost:6001/_next/static/chunks/node_modules_next_dist_1ybzpk2._.js:2477
[ 1545324ms] [LOG] [Fast Refresh] rebuilding @ http://localhost:6001/_next/static/chunks/node_modules_next_dist_1ybzpk2._.js:2477
[ 1548929ms] [LOG] [Fast Refresh] done in 3709ms @ http://localhost:6001/_next/static/chunks/node_modules_next_dist_1ybzpk2._.js:2477
[ 2468508ms] [LOG] [Fast Refresh] rebuilding @ http://localhost:6001/_next/static/chunks/node_modules_next_dist_1ybzpk2._.js:2477
[ 2468630ms] [LOG] [Fast Refresh] done in 229ms @ http://localhost:6001/_next/static/chunks/node_modules_next_dist_1ybzpk2._.js:2477
[ 2468751ms] [LOG] [Fast Refresh] rebuilding @ http://localhost:6001/_next/static/chunks/node_modules_next_dist_1ybzpk2._.js:2477
[ 2469267ms] [LOG] [Fast Refresh] done in 620ms @ http://localhost:6001/_next/static/chunks/node_modules_next_dist_1ybzpk2._.js:2477
[ 2469643ms] [INFO] %cDownload the React DevTools for a better development experience: https://react.dev/link/react-devtools font-weight:bold @ http://localhost:6001/_next/static/chunks/node_modules_next_dist_1ybzpk2._.js:2477
[ 2469728ms] [LOG] [HMR] connected @ http://localhost:6001/_next/static/chunks/node_modules_next_dist_1ybzpk2._.js:2477
[ 2469938ms] [LOG] [Fast Refresh] rebuilding @ http://localhost:6001/_next/static/chunks/node_modules_next_dist_1ybzpk2._.js:2477
[ 2470036ms] [WARNING] Image with src "/profile.jpg" has "fill" but is missing "sizes" prop. Please add it to improve page performance. Read more: https://nextjs.org/docs/api-reference/next/image#sizes @ http://localhost:6001/_next/static/chunks/node_modules_next_dist_1ybzpk2._.js:2477
[ 2470463ms] [LOG] [Fast Refresh] done in 631ms @ http://localhost:6001/_next/static/chunks/node_modules_next_dist_1ybzpk2._.js:2477
[ 2493463ms] [INFO] %cDownload the React DevTools for a better development experience: https://react.dev/link/react-devtools font-weight:bold @ http://localhost:6001/_next/static/chunks/node_modules_next_dist_1ybzpk2._.js:2477
[ 2493531ms] [LOG] [HMR] connected @ http://localhost:6001/_next/static/chunks/node_modules_next_dist_1ybzpk2._.js:2477
[ 2493765ms] [WARNING] Image with src "/profile.jpg" has "fill" but is missing "sizes" prop. Please add it to improve page performance. Read more: https://nextjs.org/docs/api-reference/next/image#sizes @ http://localhost:6001/_next/static/chunks/node_modules_next_dist_1ybzpk2._.js:2477
[ 2526552ms] [LOG] [Fast Refresh] rebuilding @ http://localhost:6001/_next/static/chunks/node_modules_next_dist_1ybzpk2._.js:2477
[ 2526560ms] [LOG] [Fast Refresh] done in 113ms @ http://localhost:6001/_next/static/chunks/node_modules_next_dist_1ybzpk2._.js:2477
[ 2562285ms] [LOG] [Fast Refresh] rebuilding @ http://localhost:6001/_next/static/chunks/node_modules_next_dist_1ybzpk2._.js:2477
[ 2595623ms] [LOG] [Fast Refresh] done in 33406ms @ http://localhost:6001/_next/static/chunks/node_modules_next_dist_1ybzpk2._.js:2477
[ 2596064ms] [LOG] [Fast Refresh] rebuilding @ http://localhost:6001/_next/static/chunks/node_modules_next_dist_1ybzpk2._.js:2477
[ 2596112ms] [LOG] [Fast Refresh] done in 159ms @ http://localhost:6001/_next/static/chunks/node_modules_next_dist_1ybzpk2._.js:2477
[ 2596210ms] [ERROR] %o

%s ReferenceError: StatsBar is not defined
    at Home (http://localhost:6001/_next/static/chunks/src_21289ia._.js?id=%255Bproject%255D%252Fsrc%252Fapp%252Fpage.tsx+%255Bapp-client%255D+%2528ecmascript%2529:72:224)
    at Object.react_stack_bottom_frame (http://localhost:6001/_next/static/chunks/node_modules_next_dist_compiled_react-dom_096_9a-._.js:15037:24)
    at renderWithHooks (http://localhost:6001/_next/static/chunks/node_modules_next_dist_compiled_react-dom_096_9a-._.js:4620:24)
    at updateFunctionComponent (http://localhost:6001/_next/static/chunks/node_modules_next_dist_compiled_react-dom_096_9a-._.js:6081:21)
    at beginWork (http://localhost:6001/_next/static/chunks/node_modules_next_dist_compiled_react-dom_096_9a-._.js:6691:24)
    at runWithFiberInDEV (http://localhost:6001/_next/static/chunks/node_modules_next_dist_compiled_react-dom_096_9a-._.js:965:74)
    at performUnitOfWork (http://localhost:6001/_next/static/chunks/node_modules_next_dist_compiled_react-dom_096_9a-._.js:9555:97)
    at workLoopSync (http://localhost:6001/_next/static/chunks/node_modules_next_dist_compiled_react-dom_096_9a-._.js:9449:40)
    at renderRootSync (http://localhost:6001/_next/static/chunks/node_modules_next_dist_compiled_react-dom_096_9a-._.js:9433:13)
    at performWorkOnRoot (http://localhost:6001/_next/static/chunks/node_modules_next_dist_compiled_react-dom_096_9a-._.js:9061:186)
    at performSyncWorkOnRoot (http://localhost:6001/_next/static/chunks/node_modules_next_dist_compiled_react-dom_096_9a-._.js:10263:9)
    at flushSyncWorkAcrossRoots_impl (http://localhost:6001/_next/static/chunks/node_modules_next_dist_compiled_react-dom_096_9a-._.js:10179:316)
    at processRootScheduleInMicrotask (http://localhost:6001/_next/static/chunks/node_modules_next_dist_compiled_react-dom_096_9a-._.js:10200:106)
    at http://localhost:6001/_next/static/chunks/node_modules_next_dist_compiled_react-dom_096_9a-._.js:10274:158 The above error occurred in the <Home> component. It was handled by the <ErrorBoundaryHandler> error boundary. @ http://localhost:6001/_next/static/chunks/node_modules_next_dist_client_0r5nbpw._.js:1998
[ 2596450ms] [LOG] [Fast Refresh] rebuilding @ http://localhost:6001/_next/static/chunks/node_modules_next_dist_1ybzpk2._.js:2477
[ 2597011ms] [LOG] [Fast Refresh] done in 667ms @ http://localhost:6001/_next/static/chunks/node_modules_next_dist_1ybzpk2._.js:2477
[ 2636412ms] [LOG] [Fast Refresh] rebuilding @ http://localhost:6001/_next/static/chunks/node_modules_next_dist_1ybzpk2._.js:2477
[ 2637177ms] [LOG] [Fast Refresh] done in 390ms @ http://localhost:6001/_next/static/chunks/node_modules_next_dist_1ybzpk2._.js:2477
[ 3167249ms] [LOG] [Fast Refresh] rebuilding @ http://localhost:6001/_next/static/chunks/node_modules_next_dist_1ybzpk2._.js:2477
[ 3169348ms] [LOG] [Fast Refresh] done in 2204ms @ http://localhost:6001/_next/static/chunks/node_modules_next_dist_1ybzpk2._.js:2477
[ 4257678ms] [LOG] [Fast Refresh] rebuilding @ http://localhost:6001/_next/static/chunks/node_modules_next_dist_1ybzpk2._.js:2477
[ 4289838ms] [LOG] [Fast Refresh] done in 32873ms @ http://localhost:6001/_next/static/chunks/node_modules_next_dist_1ybzpk2._.js:2477
[ 4294693ms] [LOG] [Fast Refresh] rebuilding @ http://localhost:6001/_next/static/chunks/node_modules_next_dist_1ybzpk2._.js:2477
[ 4298860ms] [LOG] [Fast Refresh] done in 4305ms @ http://localhost:6001/_next/static/chunks/node_modules_next_dist_1ybzpk2._.js:2477
[ 4309658ms] [LOG] [Fast Refresh] rebuilding @ http://localhost:6001/_next/static/chunks/node_modules_next_dist_1ybzpk2._.js:2477
[ 4315499ms] [LOG] [Fast Refresh] done in 5956ms @ http://localhost:6001/_next/static/chunks/node_modules_next_dist_1ybzpk2._.js:2477
[ 4315867ms] [LOG] [Fast Refresh] rebuilding @ http://localhost:6001/_next/static/chunks/node_modules_next_dist_1ybzpk2._.js:2477
[ 4335897ms] [LOG] [Fast Refresh] done in 20253ms @ http://localhost:6001/_next/static/chunks/node_modules_next_dist_1ybzpk2._.js:2477
[ 4335935ms] [LOG] [Fast Refresh] rebuilding @ http://localhost:6001/_next/static/chunks/node_modules_next_dist_1ybzpk2._.js:2477
[ 4336286ms] [LOG] [Fast Refresh] done in 69ms @ http://localhost:6001/_next/static/chunks/node_modules_next_dist_1ybzpk2._.js:2477
[ 4336455ms] [LOG] [Fast Refresh] rebuilding @ http://localhost:6001/_next/static/chunks/node_modules_next_dist_1ybzpk2._.js:2477
[ 4336546ms] [LOG] [Fast Refresh] done in 189ms @ http://localhost:6001/_next/static/chunks/node_modules_next_dist_1ybzpk2._.js:2477
[ 4337223ms] [LOG] [Fast Refresh] rebuilding @ http://localhost:6001/_next/static/chunks/node_modules_next_dist_1ybzpk2._.js:2477
[ 4337224ms] [LOG] [Fast Refresh] done in 130ms @ http://localhost:6001/_next/static/chunks/node_modules_next_dist_1ybzpk2._.js:2477
[ 4337518ms] [LOG] [Fast Refresh] rebuilding @ http://localhost:6001/_next/static/chunks/node_modules_next_dist_1ybzpk2._.js:2477
[ 4337526ms] [LOG] [Fast Refresh] done in 122ms @ http://localhost:6001/_next/static/chunks/node_modules_next_dist_1ybzpk2._.js:2477
[ 4363285ms] [LOG] [Fast Refresh] rebuilding @ http://localhost:6001/_next/static/chunks/node_modules_next_dist_1ybzpk2._.js:2477
[ 4376416ms] [LOG] [Fast Refresh] done in 10938ms @ http://localhost:6001/_next/static/chunks/node_modules_next_dist_1ybzpk2._.js:2477
[ 4414664ms] [LOG] [Fast Refresh] rebuilding @ http://localhost:6001/_next/static/chunks/node_modules_next_dist_1ybzpk2._.js:2477
[ 4414665ms] [LOG] [Fast Refresh] done in 1ms @ http://localhost:6001/_next/static/chunks/node_modules_next_dist_1ybzpk2._.js:2477
[ 4423845ms] [LOG] [Fast Refresh] rebuilding @ http://localhost:6001/_next/static/chunks/node_modules_next_dist_1ybzpk2._.js:2477
[ 4424567ms] [LOG] [Fast Refresh] done in 1303ms @ http://localhost:6001/_next/static/chunks/node_modules_next_dist_1ybzpk2._.js:2477
[ 4484161ms] [LOG] [Fast Refresh] rebuilding @ http://localhost:6001/_next/static/chunks/node_modules_next_dist_1ybzpk2._.js:2477
[ 4485690ms] [LOG] [Fast Refresh] done in 1643ms @ http://localhost:6001/_next/static/chunks/node_modules_next_dist_1ybzpk2._.js:2477
[ 4485995ms] [LOG] [Fast Refresh] rebuilding @ http://localhost:6001/_next/static/chunks/node_modules_next_dist_1ybzpk2._.js:2477
[ 4487513ms] [LOG] [Fast Refresh] done in 1641ms @ http://localhost:6001/_next/static/chunks/node_modules_next_dist_1ybzpk2._.js:2477
[ 4488909ms] [LOG] [Fast Refresh] rebuilding @ http://localhost:6001/_next/static/chunks/node_modules_next_dist_1ybzpk2._.js:2477
[ 4488924ms] [LOG] [Fast Refresh] done in 147ms @ http://localhost:6001/_next/static/chunks/node_modules_next_dist_1ybzpk2._.js:2477
[ 4489257ms] [LOG] [Fast Refresh] rebuilding @ http://localhost:6001/_next/static/chunks/node_modules_next_dist_1ybzpk2._.js:2477
[ 4489707ms] [LOG] [Fast Refresh] done in 576ms @ http://localhost:6001/_next/static/chunks/node_modules_next_dist_1ybzpk2._.js:2477
[ 4491400ms] [LOG] [Fast Refresh] rebuilding @ http://localhost:6001/_next/static/chunks/node_modules_next_dist_1ybzpk2._.js:2477
[ 4491470ms] [LOG] [Fast Refresh] done in 17ms @ http://localhost:6001/_next/static/chunks/node_modules_next_dist_1ybzpk2._.js:2477
[ 4498776ms] [LOG] [Fast Refresh] rebuilding @ http://localhost:6001/_next/static/chunks/node_modules_next_dist_1ybzpk2._.js:2477
[ 4498778ms] [LOG] [Fast Refresh] done in 971ms @ http://localhost:6001/_next/static/chunks/node_modules_next_dist_1ybzpk2._.js:2477
[ 4519379ms] [LOG] [Fast Refresh] rebuilding @ http://localhost:6001/_next/static/chunks/node_modules_next_dist_1ybzpk2._.js:2477
[ 4519793ms] [LOG] [Fast Refresh] done in 421ms @ http://localhost:6001/_next/static/chunks/node_modules_next_dist_1ybzpk2._.js:2477
[ 4519794ms] [LOG] [Fast Refresh] rebuilding @ http://localhost:6001/_next/static/chunks/node_modules_next_dist_1ybzpk2._.js:2477
[ 4520885ms] [LOG] [Fast Refresh] done in 1085ms @ http://localhost:6001/_next/static/chunks/node_modules_next_dist_1ybzpk2._.js:2477
[ 4527275ms] [LOG] [Fast Refresh] rebuilding @ http://localhost:6001/_next/static/chunks/node_modules_next_dist_1ybzpk2._.js:2477
[ 4530144ms] [LOG] [Fast Refresh] done in 1975ms @ http://localhost:6001/_next/static/chunks/node_modules_next_dist_1ybzpk2._.js:2477
[ 4572583ms] [LOG] [Fast Refresh] rebuilding @ http://localhost:6001/_next/static/chunks/node_modules_next_dist_1ybzpk2._.js:2477
[ 4578528ms] [LOG] [Fast Refresh] done in 7149ms @ http://localhost:6001/_next/static/chunks/node_modules_next_dist_1ybzpk2._.js:2477
[ 4578597ms] [LOG] [Fast Refresh] rebuilding @ http://localhost:6001/_next/static/chunks/node_modules_next_dist_1ybzpk2._.js:2477
[ 4587278ms] [LOG] [Fast Refresh] done in 8674ms @ http://localhost:6001/_next/static/chunks/node_modules_next_dist_1ybzpk2._.js:2477
[ 4587725ms] [LOG] [Fast Refresh] rebuilding @ http://localhost:6001/_next/static/chunks/node_modules_next_dist_1ybzpk2._.js:2477
[ 4587739ms] [LOG] [Fast Refresh] done in 21ms @ http://localhost:6001/_next/static/chunks/node_modules_next_dist_1ybzpk2._.js:2477
[ 4587743ms] [LOG] [Fast Refresh] rebuilding @ http://localhost:6001/_next/static/chunks/node_modules_next_dist_1ybzpk2._.js:2477
[ 4588056ms] [LOG] [Fast Refresh] done in 294ms @ http://localhost:6001/_next/static/chunks/node_modules_next_dist_1ybzpk2._.js:2477
[ 4589507ms] [LOG] [Fast Refresh] rebuilding @ http://localhost:6001/_next/static/chunks/node_modules_next_dist_1ybzpk2._.js:2477
[ 4589617ms] [LOG] [Fast Refresh] done in 235ms @ http://localhost:6001/_next/static/chunks/node_modules_next_dist_1ybzpk2._.js:2477
[ 4589753ms] [LOG] [Fast Refresh] rebuilding @ http://localhost:6001/_next/static/chunks/node_modules_next_dist_1ybzpk2._.js:2477
[ 4589782ms] [LOG] [Fast Refresh] done in 134ms @ http://localhost:6001/_next/static/chunks/node_modules_next_dist_1ybzpk2._.js:2477
[ 4589908ms] [LOG] [Fast Refresh] rebuilding @ http://localhost:6001/_next/static/chunks/node_modules_next_dist_1ybzpk2._.js:2477
[ 4589908ms] [LOG] [Fast Refresh] done in 125ms @ http://localhost:6001/_next/static/chunks/node_modules_next_dist_1ybzpk2._.js:2477
[ 4590660ms] [LOG] [Fast Refresh] rebuilding @ http://localhost:6001/_next/static/chunks/node_modules_next_dist_1ybzpk2._.js:2477
[ 4590664ms] [LOG] [Fast Refresh] done in 106ms @ http://localhost:6001/_next/static/chunks/node_modules_next_dist_1ybzpk2._.js:2477
[ 4638661ms] [LOG] [Fast Refresh] rebuilding @ http://localhost:6001/_next/static/chunks/node_modules_next_dist_1ybzpk2._.js:2477
[ 4641102ms] [LOG] [Fast Refresh] done in 2696ms @ http://localhost:6001/_next/static/chunks/node_modules_next_dist_1ybzpk2._.js:2477
[ 4655452ms] [LOG] [Fast Refresh] rebuilding @ http://localhost:6001/_next/static/chunks/node_modules_next_dist_1ybzpk2._.js:2477
[ 4657889ms] [LOG] [Fast Refresh] done in 2069ms @ http://localhost:6001/_next/static/chunks/node_modules_next_dist_1ybzpk2._.js:2477
[ 4658084ms] [LOG] [Fast Refresh] rebuilding @ http://localhost:6001/_next/static/chunks/node_modules_next_dist_1ybzpk2._.js:2477
[ 4661751ms] [LOG] [Fast Refresh] done in 3653ms @ http://localhost:6001/_next/static/chunks/node_modules_next_dist_1ybzpk2._.js:2477
[ 4701215ms] [LOG] [Fast Refresh] rebuilding @ http://localhost:6001/_next/static/chunks/node_modules_next_dist_1ybzpk2._.js:2477
[ 4701218ms] [LOG] [Fast Refresh] done in 2100ms @ http://localhost:6001/_next/static/chunks/node_modules_next_dist_1ybzpk2._.js:2477
[ 4703277ms] [LOG] [Fast Refresh] rebuilding @ http://localhost:6001/_next/static/chunks/node_modules_next_dist_1ybzpk2._.js:2477
[ 4718236ms] [LOG] [Fast Refresh] done in 13771ms @ http://localhost:6001/_next/static/chunks/node_modules_next_dist_1ybzpk2._.js:2477
[ 4718611ms] [LOG] [Fast Refresh] rebuilding @ http://localhost:6001/_next/static/chunks/node_modules_next_dist_1ybzpk2._.js:2477
[ 4719365ms] [LOG] [Fast Refresh] done in 751ms @ http://localhost:6001/_next/static/chunks/node_modules_next_dist_1ybzpk2._.js:2477
[ 4721153ms] [LOG] [Fast Refresh] rebuilding @ http://localhost:6001/_next/static/chunks/node_modules_next_dist_1ybzpk2._.js:2477
[ 4721380ms] [LOG] [Fast Refresh] done in 261ms @ http://localhost:6001/_next/static/chunks/node_modules_next_dist_1ybzpk2._.js:2477
[ 4723640ms] [LOG] [Fast Refresh] rebuilding @ http://localhost:6001/_next/static/chunks/node_modules_next_dist_1ybzpk2._.js:2477
[ 4723723ms] [LOG] [Fast Refresh] done in 190ms @ http://localhost:6001/_next/static/chunks/node_modules_next_dist_1ybzpk2._.js:2477
[ 4726171ms] [LOG] [Fast Refresh] rebuilding @ http://localhost:6001/_next/static/chunks/node_modules_next_dist_1ybzpk2._.js:2477
[ 4726562ms] [LOG] [Fast Refresh] done in 2833ms @ http://localhost:6001/_next/static/chunks/node_modules_next_dist_1ybzpk2._.js:2477
[ 4728951ms] [LOG] [Fast Refresh] rebuilding @ http://localhost:6001/_next/static/chunks/node_modules_next_dist_1ybzpk2._.js:2477
[ 4729029ms] [LOG] [Fast Refresh] done in 179ms @ http://localhost:6001/_next/static/chunks/node_modules_next_dist_1ybzpk2._.js:2477
[ 4729644ms] [LOG] [Fast Refresh] rebuilding @ http://localhost:6001/_next/static/chunks/node_modules_next_dist_1ybzpk2._.js:2477
[ 4729671ms] [LOG] [Fast Refresh] done in 205ms @ http://localhost:6001/_next/static/chunks/node_modules_next_dist_1ybzpk2._.js:2477
[ 4732047ms] [LOG] [Fast Refresh] rebuilding @ http://localhost:6001/_next/static/chunks/node_modules_next_dist_1ybzpk2._.js:2477
[ 4732058ms] [LOG] [Fast Refresh] done in 134ms @ http://localhost:6001/_next/static/chunks/node_modules_next_dist_1ybzpk2._.js:2477
[ 4733230ms] [LOG] [Fast Refresh] rebuilding @ http://localhost:6001/_next/static/chunks/node_modules_next_dist_1ybzpk2._.js:2477
[ 4733366ms] [LOG] [Fast Refresh] done in 1201ms @ http://localhost:6001/_next/static/chunks/node_modules_next_dist_1ybzpk2._.js:2477
[ 4857900ms] [LOG] [Fast Refresh] rebuilding @ http://localhost:6001/_next/static/chunks/node_modules_next_dist_1ybzpk2._.js:2477
[ 4857958ms] [LOG] [Fast Refresh] done in 2ms @ http://localhost:6001/_next/static/chunks/node_modules_next_dist_1ybzpk2._.js:2477
[ 5146634ms] [LOG] [Fast Refresh] rebuilding @ http://localhost:6001/_next/static/chunks/node_modules_next_dist_1ybzpk2._.js:2477
[ 5147149ms] [LOG] [Fast Refresh] done in 619ms @ http://localhost:6001/_next/static/chunks/node_modules_next_dist_1ybzpk2._.js:2477
[ 5147279ms] [LOG] [Fast Refresh] rebuilding @ http://localhost:6001/_next/static/chunks/node_modules_next_dist_1ybzpk2._.js:2477
[ 5147303ms] [LOG] [Fast Refresh] done in 128ms @ http://localhost:6001/_next/static/chunks/node_modules_next_dist_1ybzpk2._.js:2477
[ 7214833ms] [LOG] [Fast Refresh] rebuilding @ http://localhost:6001/_next/static/chunks/node_modules_next_dist_1ybzpk2._.js:2477
[ 7218616ms] [LOG] [Fast Refresh] done in 3920ms @ http://localhost:6001/_next/static/chunks/node_modules_next_dist_1ybzpk2._.js:2477
[ 7497239ms] [LOG] [Fast Refresh] rebuilding @ http://localhost:6001/_next/static/chunks/node_modules_next_dist_1ybzpk2._.js:2477
[ 7497690ms] [LOG] [Fast Refresh] done in 566ms @ http://localhost:6001/_next/static/chunks/node_modules_next_dist_1ybzpk2._.js:2477
[ 7497814ms] [LOG] [Fast Refresh] rebuilding @ http://localhost:6001/_next/static/chunks/node_modules_next_dist_1ybzpk2._.js:2477
[ 7501975ms] [LOG] [Fast Refresh] done in 4272ms @ http://localhost:6001/_next/static/chunks/node_modules_next_dist_1ybzpk2._.js:2477
[ 7503426ms] [INFO] %cDownload the React DevTools for a better development experience: https://react.dev/link/react-devtools font-weight:bold @ http://localhost:6001/_next/static/chunks/node_modules_next_dist_1ybzpk2._.js:2477
[ 7503608ms] [LOG] [HMR] connected @ http://localhost:6001/_next/static/chunks/node_modules_next_dist_1ybzpk2._.js:2477
[ 7504090ms] [LOG] [Fast Refresh] rebuilding @ http://localhost:6001/_next/static/chunks/node_modules_next_dist_1ybzpk2._.js:2477
[ 7504471ms] [WARNING] Image with src "/profile.jpg" has "fill" but is missing "sizes" prop. Please add it to improve page performance. Read more: https://nextjs.org/docs/api-reference/next/image#sizes @ http://localhost:6001/_next/static/chunks/node_modules_next_dist_1ybzpk2._.js:2477
[ 7504570ms] [LOG] [Fast Refresh] done in 581ms @ http://localhost:6001/_next/static/chunks/node_modules_next_dist_1ybzpk2._.js:2477
[ 7504699ms] [LOG] [Fast Refresh] rebuilding @ http://localhost:6001/_next/static/chunks/node_modules_next_dist_1ybzpk2._.js:2477
[ 7508405ms] [LOG] [Fast Refresh] done in 3817ms @ http://localhost:6001/_next/static/chunks/node_modules_next_dist_1ybzpk2._.js:2477
[ 7514883ms] [LOG] [Fast Refresh] rebuilding @ http://localhost:6001/_next/static/chunks/node_modules_next_dist_1ybzpk2._.js:2477
[ 7515941ms] [LOG] [Fast Refresh] done in 1159ms @ http://localhost:6001/_next/static/chunks/node_modules_next_dist_1ybzpk2._.js:2477
[ 7516127ms] [INFO] %cDownload the React DevTools for a better development experience: https://react.dev/link/react-devtools font-weight:bold @ http://localhost:6001/_next/static/chunks/node_modules_next_dist_1ybzpk2._.js:2477
[ 7516226ms] [LOG] [HMR] connected @ http://localhost:6001/_next/static/chunks/node_modules_next_dist_1ybzpk2._.js:2477
[ 7516579ms] [WARNING] Image with src "/profile.jpg" has "fill" but is missing "sizes" prop. Please add it to improve page performance. Read more: https://nextjs.org/docs/api-reference/next/image#sizes @ http://localhost:6001/_next/static/chunks/node_modules_next_dist_1ybzpk2._.js:2477
[ 7547640ms] [LOG] [Fast Refresh] rebuilding @ http://localhost:6001/_next/static/chunks/node_modules_next_dist_1ybzpk2._.js:2477
[ 7549077ms] [LOG] [Fast Refresh] done in 1545ms @ http://localhost:6001/_next/static/chunks/node_modules_next_dist_1ybzpk2._.js:2477
[ 7807222ms] [LOG] [Fast Refresh] rebuilding @ http://localhost:6001/_next/static/chunks/node_modules_next_dist_1ybzpk2._.js:2477
[ 7836449ms] [LOG] [Fast Refresh] done in 29344ms @ http://localhost:6001/_next/static/chunks/node_modules_next_dist_1ybzpk2._.js:2477
[ 7836567ms] [LOG] [Fast Refresh] rebuilding @ http://localhost:6001/_next/static/chunks/node_modules_next_dist_1ybzpk2._.js:2477
[ 7844891ms] [LOG] [Fast Refresh] done in 7625ms @ http://localhost:6001/_next/static/chunks/node_modules_next_dist_1ybzpk2._.js:2477
[ 7845129ms] [LOG] [Fast Refresh] rebuilding @ http://localhost:6001/_next/static/chunks/node_modules_next_dist_1ybzpk2._.js:2477
[ 7849197ms] [LOG] [Fast Refresh] done in 4296ms @ http://localhost:6001/_next/static/chunks/node_modules_next_dist_1ybzpk2._.js:2477
[ 7849329ms] [LOG] [Fast Refresh] rebuilding @ http://localhost:6001/_next/static/chunks/node_modules_next_dist_1ybzpk2._.js:2477
[ 7855878ms] [LOG] [Fast Refresh] done in 6658ms @ http://localhost:6001/_next/static/chunks/node_modules_next_dist_1ybzpk2._.js:2477
[ 7987277ms] [LOG] [Fast Refresh] rebuilding @ http://localhost:6001/_next/static/chunks/node_modules_next_dist_1ybzpk2._.js:2477
[ 7993781ms] [LOG] [Fast Refresh] done in 6608ms @ http://localhost:6001/_next/static/chunks/node_modules_next_dist_1ybzpk2._.js:2477
[ 8042605ms] [LOG] [Fast Refresh] rebuilding @ http://localhost:6001/_next/static/chunks/node_modules_next_dist_1ybzpk2._.js:2477
[ 8045889ms] [LOG] [Fast Refresh] done in 3339ms @ http://localhost:6001/_next/static/chunks/node_modules_next_dist_1ybzpk2._.js:2477
[ 8046039ms] [LOG] [Fast Refresh] rebuilding @ http://localhost:6001/_next/static/chunks/node_modules_next_dist_1ybzpk2._.js:2477
[ 8100600ms] [LOG] [Fast Refresh] done in 54710ms @ http://localhost:6001/_next/static/chunks/node_modules_next_dist_1ybzpk2._.js:2477
[ 8148397ms] [ERROR] WebSocket connection to 'ws://localhost:6001/_next/webpack-hmr?id=DlUJbaK0igRvGNQTOHVLA' failed: Error in connection establishment: net::ERR_CONNECTION_REFUSED @ http://localhost:6001/_next/static/chunks/node_modules_next_dist_client_0r5nbpw._.js:13422
[ 8154529ms] [ERROR] WebSocket connection to 'ws://localhost:6001/_next/webpack-hmr?id=DlUJbaK0igRvGNQTOHVLA' failed: Error in connection establishment: net::ERR_CONNECTION_REFUSED @ http://localhost:6001/_next/static/chunks/node_modules_next_dist_client_0r5nbpw._.js:13422
[ 8160684ms] [ERROR] WebSocket connection to 'ws://localhost:6001/_next/webpack-hmr?id=DlUJbaK0igRvGNQTOHVLA' failed: Error in connection establishment: net::ERR_CONNECTION_REFUSED @ http://localhost:6001/_next/static/chunks/node_modules_next_dist_client_0r5nbpw._.js:13422
[ 8212048ms] [LOG] [HMR] connected @ http://localhost:6001/_next/static/chunks/node_modules_next_dist_1ybzpk2._.js:2477
[ 8240157ms] [INFO] %cDownload the React DevTools for a better development experience: https://react.dev/link/react-devtools font-weight:bold @ http://localhost:6001/_next/static/chunks/node_modules_next_dist_1ybzpk2._.js:2477
[ 8241366ms] [LOG] [HMR] connected @ http://localhost:6001/_next/static/chunks/node_modules_next_dist_1ybzpk2._.js:2477
[ 8249225ms] [WARNING] Image with src "/profile.jpg" has "fill" but is missing "sizes" prop. Please add it to improve page performance. Read more: https://nextjs.org/docs/api-reference/next/image#sizes @ http://localhost:6001/_next/static/chunks/node_modules_next_dist_1ybzpk2._.js:2477
[ 8249655ms] [LOG] [Fast Refresh] rebuilding @ http://localhost:6001/_next/static/chunks/node_modules_next_dist_1ybzpk2._.js:2477
[ 8249727ms] [LOG] [Fast Refresh] done in 234ms @ http://localhost:6001/_next/static/chunks/node_modules_next_dist_1ybzpk2._.js:2477
[ 8822961ms] [LOG] [Fast Refresh] rebuilding @ http://localhost:6001/_next/static/chunks/node_modules_next_dist_1ybzpk2._.js:2477
[ 8822975ms] [LOG] [Fast Refresh] done in 116ms @ http://localhost:6001/_next/static/chunks/node_modules_next_dist_1ybzpk2._.js:2477
[ 8823084ms] [LOG] [Fast Refresh] rebuilding @ http://localhost:6001/_next/static/chunks/node_modules_next_dist_1ybzpk2._.js:2477
[ 8826487ms] [LOG] [Fast Refresh] done in 3511ms @ http://localhost:6001/_next/static/chunks/node_modules_next_dist_1ybzpk2._.js:2477
[ 9349977ms] [LOG] [Fast Refresh] rebuilding @ http://localhost:6001/_next/static/chunks/node_modules_next_dist_1ybzpk2._.js:2477
[ 9351415ms] [LOG] [Fast Refresh] done in 1552ms @ http://localhost:6001/_next/static/chunks/node_modules_next_dist_1ybzpk2._.js:2477
[ 9950080ms] [LOG] [Fast Refresh] rebuilding @ http://localhost:6001/_next/static/chunks/node_modules_next_dist_1ybzpk2._.js:2477
[ 9950500ms] [LOG] [Fast Refresh] done in 521ms @ http://localhost:6001/_next/static/chunks/node_modules_next_dist_1ybzpk2._.js:2477
[ 9950620ms] [LOG] [Fast Refresh] rebuilding @ http://localhost:6001/_next/static/chunks/node_modules_next_dist_1ybzpk2._.js:2477
[ 9950839ms] [LOG] [Fast Refresh] done in 327ms @ http://localhost:6001/_next/static/chunks/node_modules_next_dist_1ybzpk2._.js:2477
[10266405ms] [LOG] [Fast Refresh] rebuilding @ http://localhost:6001/_next/static/chunks/node_modules_next_dist_1ybzpk2._.js:2477
[10266756ms] [LOG] [Fast Refresh] done in 461ms @ http://localhost:6001/_next/static/chunks/node_modules_next_dist_1ybzpk2._.js:2477
[15784778ms] [LOG] [Fast Refresh] rebuilding @ http://localhost:6001/_next/static/chunks/node_modules_next_dist_1ybzpk2._.js:2477
[15786607ms] [LOG] [Fast Refresh] done in 1945ms @ http://localhost:6001/_next/static/chunks/node_modules_next_dist_1ybzpk2._.js:2477
[15950823ms] [LOG] [Fast Refresh] rebuilding @ http://localhost:6001/_next/static/chunks/node_modules_next_dist_1ybzpk2._.js:2477
[15950886ms] [LOG] [Fast Refresh] done in 169ms @ http://localhost:6001/_next/static/chunks/node_modules_next_dist_1ybzpk2._.js:2477
[41702581ms] [LOG] [Fast Refresh] rebuilding @ http://localhost:6001/_next/static/chunks/node_modules_next_dist_1ybzpk2._.js:2477
[41702797ms] [LOG] [Fast Refresh] done in 330ms @ http://localhost:6001/_next/static/chunks/node_modules_next_dist_1ybzpk2._.js:2477
[41704034ms] [LOG] [Fast Refresh] rebuilding @ http://localhost:6001/_next/static/chunks/node_modules_next_dist_1ybzpk2._.js:2477
[41704577ms] [LOG] [Fast Refresh] done in 646ms @ http://localhost:6001/_next/static/chunks/node_modules_next_dist_1ybzpk2._.js:2477
[41707460ms] [LOG] [Fast Refresh] rebuilding @ http://localhost:6001/_next/static/chunks/node_modules_next_dist_1ybzpk2._.js:2477
[41707624ms] [LOG] [Fast Refresh] done in 265ms @ http://localhost:6001/_next/static/chunks/node_modules_next_dist_1ybzpk2._.js:2477
[42333284ms] [LOG] [Fast Refresh] rebuilding @ http://localhost:6001/_next/static/chunks/node_modules_next_dist_1ybzpk2._.js:2477
[42333306ms] [LOG] [Fast Refresh] done in 142ms @ http://localhost:6001/_next/static/chunks/node_modules_next_dist_1ybzpk2._.js:2477
[42650216ms] [LOG] [Fast Refresh] rebuilding @ http://localhost:6001/_next/static/chunks/node_modules_next_dist_1ybzpk2._.js:2477
[42680764ms] [LOG] [Fast Refresh] done in 30946ms @ http://localhost:6001/_next/static/chunks/node_modules_next_dist_1ybzpk2._.js:2477
[42681592ms] [LOG] [Fast Refresh] rebuilding @ http://localhost:6001/_next/static/chunks/node_modules_next_dist_1ybzpk2._.js:2477
[42681715ms] [LOG] [Fast Refresh] done in 226ms @ http://localhost:6001/_next/static/chunks/node_modules_next_dist_1ybzpk2._.js:2477
[42702455ms] [LOG] [Fast Refresh] rebuilding @ http://localhost:6001/_next/static/chunks/node_modules_next_dist_1ybzpk2._.js:2477
[42703785ms] [LOG] [Fast Refresh] done in 1463ms @ http://localhost:6001/_next/static/chunks/node_modules_next_dist_1ybzpk2._.js:2477
[42785394ms] [LOG] [Fast Refresh] rebuilding @ http://localhost:6001/_next/static/chunks/node_modules_next_dist_1ybzpk2._.js:2477
[42785626ms] [LOG] [Fast Refresh] done in 338ms @ http://localhost:6001/_next/static/chunks/node_modules_next_dist_1ybzpk2._.js:2477
[42785777ms] [LOG] [Fast Refresh] rebuilding @ http://localhost:6001/_next/static/chunks/node_modules_next_dist_1ybzpk2._.js:2477
[42785797ms] [LOG] [Fast Refresh] done in 122ms @ http://localhost:6001/_next/static/chunks/node_modules_next_dist_1ybzpk2._.js:2477
[42786175ms] [LOG] [Fast Refresh] rebuilding @ http://localhost:6001/_next/static/chunks/node_modules_next_dist_1ybzpk2._.js:2477
[42786187ms] [LOG] [Fast Refresh] done in 126ms @ http://localhost:6001/_next/static/chunks/node_modules_next_dist_1ybzpk2._.js:2477
[42786307ms] [LOG] [Fast Refresh] rebuilding @ http://localhost:6001/_next/static/chunks/node_modules_next_dist_1ybzpk2._.js:2477
[42786329ms] [LOG] [Fast Refresh] done in 130ms @ http://localhost:6001/_next/static/chunks/node_modules_next_dist_1ybzpk2._.js:2477
[42811746ms] [LOG] [Fast Refresh] rebuilding @ http://localhost:6001/_next/static/chunks/node_modules_next_dist_1ybzpk2._.js:2477
[42822511ms] [LOG] [Fast Refresh] done in 10936ms @ http://localhost:6001/_next/static/chunks/node_modules_next_dist_1ybzpk2._.js:2477
[42822627ms] [LOG] [Fast Refresh] rebuilding @ http://localhost:6001/_next/static/chunks/node_modules_next_dist_1ybzpk2._.js:2477
[42823815ms] [LOG] [Fast Refresh] done in 1295ms @ http://localhost:6001/_next/static/chunks/node_modules_next_dist_1ybzpk2._.js:2477
[42823970ms] [LOG] [Fast Refresh] rebuilding @ http://localhost:6001/_next/static/chunks/node_modules_next_dist_1ybzpk2._.js:2477
[42824046ms] [LOG] [Fast Refresh] done in 192ms @ http://localhost:6001/_next/static/chunks/node_modules_next_dist_1ybzpk2._.js:2477
[42835308ms] [LOG] [Fast Refresh] rebuilding @ http://localhost:6001/_next/static/chunks/node_modules_next_dist_1ybzpk2._.js:2477
[42855707ms] [LOG] [Fast Refresh] done in 21371ms @ http://localhost:6001/_next/static/chunks/node_modules_next_dist_1ybzpk2._.js:2477
[42867840ms] [LOG] [Fast Refresh] rebuilding @ http://localhost:6001/_next/static/chunks/node_modules_next_dist_1ybzpk2._.js:2477
[42872690ms] [LOG] [Fast Refresh] done in 5755ms @ http://localhost:6001/_next/static/chunks/node_modules_next_dist_1ybzpk2._.js:2477
[42873024ms] [LOG] [Fast Refresh] rebuilding @ http://localhost:6001/_next/static/chunks/node_modules_next_dist_1ybzpk2._.js:2477
[42873039ms] [LOG] [Fast Refresh] done in 119ms @ http://localhost:6001/_next/static/chunks/node_modules_next_dist_1ybzpk2._.js:2477
[42874365ms] [LOG] [Fast Refresh] rebuilding @ http://localhost:6001/_next/static/chunks/node_modules_next_dist_1ybzpk2._.js:2477
[42874397ms] [LOG] [Fast Refresh] done in 148ms @ http://localhost:6001/_next/static/chunks/node_modules_next_dist_1ybzpk2._.js:2477
[42899068ms] [LOG] [Fast Refresh] rebuilding @ http://localhost:6001/_next/static/chunks/node_modules_next_dist_1ybzpk2._.js:2477
[42899261ms] [LOG] [Fast Refresh] done in 2ms @ http://localhost:6001/_next/static/chunks/node_modules_next_dist_1ybzpk2._.js:2477
[42930155ms] [LOG] [Fast Refresh] rebuilding @ http://localhost:6001/_next/static/chunks/node_modules_next_dist_1ybzpk2._.js:2477
[42931135ms] [LOG] [Fast Refresh] done in 1126ms @ http://localhost:6001/_next/static/chunks/node_modules_next_dist_1ybzpk2._.js:2477
[42993858ms] [LOG] [Fast Refresh] rebuilding @ http://localhost:6001/_next/static/chunks/node_modules_next_dist_1ybzpk2._.js:2477
[42993991ms] [LOG] [Fast Refresh] done in 132ms @ http://localhost:6001/_next/static/chunks/node_modules_next_dist_1ybzpk2._.js:2477
[43089194ms] [LOG] [Fast Refresh] rebuilding @ http://localhost:6001/_next/static/chunks/node_modules_next_dist_1ybzpk2._.js:2477
[43089473ms] [LOG] [Fast Refresh] done in 401ms @ http://localhost:6001/_next/static/chunks/node_modules_next_dist_1ybzpk2._.js:2477
[43090328ms] [LOG] [Fast Refresh] rebuilding @ http://localhost:6001/_next/static/chunks/node_modules_next_dist_1ybzpk2._.js:2477
[43090414ms] [LOG] [Fast Refresh] done in 900ms @ http://localhost:6001/_next/static/chunks/node_modules_next_dist_1ybzpk2._.js:2477
[43093333ms] [LOG] [Fast Refresh] rebuilding @ http://localhost:6001/_next/static/chunks/node_modules_next_dist_1ybzpk2._.js:2477
[43094511ms] [LOG] [Fast Refresh] done in 1284ms @ http://localhost:6001/_next/static/chunks/node_modules_next_dist_1ybzpk2._.js:2477
[43101137ms] [LOG] [Fast Refresh] rebuilding @ http://localhost:6001/_next/static/chunks/node_modules_next_dist_1ybzpk2._.js:2477
[43107231ms] [LOG] [Fast Refresh] done in 2ms @ http://localhost:6001/_next/static/chunks/node_modules_next_dist_1ybzpk2._.js:2477
[43107232ms] [LOG] [Fast Refresh] rebuilding @ http://localhost:6001/_next/static/chunks/node_modules_next_dist_1ybzpk2._.js:2477
[43107372ms] [LOG] [Fast Refresh] done in 138ms @ http://localhost:6001/_next/static/chunks/node_modules_next_dist_1ybzpk2._.js:2477
[43108024ms] [LOG] [Fast Refresh] rebuilding @ http://localhost:6001/_next/static/chunks/node_modules_next_dist_1ybzpk2._.js:2477
[43108033ms] [LOG] [Fast Refresh] done in 162ms @ http://localhost:6001/_next/static/chunks/node_modules_next_dist_1ybzpk2._.js:2477
[43108144ms] [LOG] [Fast Refresh] rebuilding @ http://localhost:6001/_next/static/chunks/node_modules_next_dist_1ybzpk2._.js:2477
[43108188ms] [LOG] [Fast Refresh] done in 150ms @ http://localhost:6001/_next/static/chunks/node_modules_next_dist_1ybzpk2._.js:2477
[43108307ms] [LOG] [Fast Refresh] rebuilding @ http://localhost:6001/_next/static/chunks/node_modules_next_dist_1ybzpk2._.js:2477
[43108378ms] [LOG] [Fast Refresh] done in 189ms @ http://localhost:6001/_next/static/chunks/node_modules_next_dist_1ybzpk2._.js:2477
[43108488ms] [LOG] [Fast Refresh] rebuilding @ http://localhost:6001/_next/static/chunks/node_modules_next_dist_1ybzpk2._.js:2477
[43108573ms] [LOG] [Fast Refresh] done in 194ms @ http://localhost:6001/_next/static/chunks/node_modules_next_dist_1ybzpk2._.js:2477
[43108766ms] [LOG] [Fast Refresh] rebuilding @ http://localhost:6001/_next/static/chunks/node_modules_next_dist_1ybzpk2._.js:2477
[43108806ms] [LOG] [Fast Refresh] done in 216ms @ http://localhost:6001/_next/static/chunks/node_modules_next_dist_1ybzpk2._.js:2477
[43108919ms] [LOG] [Fast Refresh] rebuilding @ http://localhost:6001/_next/static/chunks/node_modules_next_dist_1ybzpk2._.js:2477
[43108965ms] [LOG] [Fast Refresh] done in 156ms @ http://localhost:6001/_next/static/chunks/node_modules_next_dist_1ybzpk2._.js:2477
[43109170ms] [LOG] [Fast Refresh] rebuilding @ http://localhost:6001/_next/static/chunks/node_modules_next_dist_1ybzpk2._.js:2477
[43109175ms] [LOG] [Fast Refresh] done in 133ms @ http://localhost:6001/_next/static/chunks/node_modules_next_dist_1ybzpk2._.js:2477
[43109322ms] [LOG] [Fast Refresh] rebuilding @ http://localhost:6001/_next/static/chunks/node_modules_next_dist_1ybzpk2._.js:2477
[43109325ms] [LOG] [Fast Refresh] done in 140ms @ http://localhost:6001/_next/static/chunks/node_modules_next_dist_1ybzpk2._.js:2477
[43109559ms] [LOG] [Fast Refresh] rebuilding @ http://localhost:6001/_next/static/chunks/node_modules_next_dist_1ybzpk2._.js:2477
[43109577ms] [LOG] [Fast Refresh] done in 252ms @ http://localhost:6001/_next/static/chunks/node_modules_next_dist_1ybzpk2._.js:2477
[43112424ms] [LOG] [Fast Refresh] rebuilding @ http://localhost:6001/_next/static/chunks/node_modules_next_dist_1ybzpk2._.js:2477
[43112432ms] [LOG] [Fast Refresh] done in 125ms @ http://localhost:6001/_next/static/chunks/node_modules_next_dist_1ybzpk2._.js:2477
[43114513ms] [LOG] [Fast Refresh] rebuilding @ http://localhost:6001/_next/static/chunks/node_modules_next_dist_1ybzpk2._.js:2477
[43114598ms] [LOG] [Fast Refresh] done in 180ms @ http://localhost:6001/_next/static/chunks/node_modules_next_dist_1ybzpk2._.js:2477
[43114711ms] [LOG] [Fast Refresh] rebuilding @ http://localhost:6001/_next/static/chunks/node_modules_next_dist_1ybzpk2._.js:2477
[43114735ms] [LOG] [Fast Refresh] done in 127ms @ http://localhost:6001/_next/static/chunks/node_modules_next_dist_1ybzpk2._.js:2477
[43114935ms] [LOG] [Fast Refresh] rebuilding @ http://localhost:6001/_next/static/chunks/node_modules_next_dist_1ybzpk2._.js:2477
[43114948ms] [LOG] [Fast Refresh] done in 122ms @ http://localhost:6001/_next/static/chunks/node_modules_next_dist_1ybzpk2._.js:2477
[43158582ms] [LOG] [Fast Refresh] rebuilding @ http://localhost:6001/_next/static/chunks/node_modules_next_dist_1ybzpk2._.js:2477
[43175544ms] [LOG] [Fast Refresh] done in 17496ms @ http://localhost:6001/_next/static/chunks/node_modules_next_dist_1ybzpk2._.js:2477
[43176358ms] [LOG] [Fast Refresh] rebuilding @ http://localhost:6001/_next/static/chunks/node_modules_next_dist_1ybzpk2._.js:2477
[43177182ms] [LOG] [Fast Refresh] done in 823ms @ http://localhost:6001/_next/static/chunks/node_modules_next_dist_1ybzpk2._.js:2477
[43178648ms] [LOG] [Fast Refresh] rebuilding @ http://localhost:6001/_next/static/chunks/node_modules_next_dist_1ybzpk2._.js:2477
[43178686ms] [LOG] [Fast Refresh] done in 617ms @ http://localhost:6001/_next/static/chunks/node_modules_next_dist_1ybzpk2._.js:2477
[43181278ms] [LOG] [Fast Refresh] rebuilding @ http://localhost:6001/_next/static/chunks/node_modules_next_dist_1ybzpk2._.js:2477
[43181285ms] [LOG] [Fast Refresh] done in 550ms @ http://localhost:6001/_next/static/chunks/node_modules_next_dist_1ybzpk2._.js:2477
[43181576ms] [LOG] [Fast Refresh] rebuilding @ http://localhost:6001/_next/static/chunks/node_modules_next_dist_1ybzpk2._.js:2477
[43181601ms] [LOG] [Fast Refresh] done in 237ms @ http://localhost:6001/_next/static/chunks/node_modules_next_dist_1ybzpk2._.js:2477
[43184705ms] [LOG] [Fast Refresh] rebuilding @ http://localhost:6001/_next/static/chunks/node_modules_next_dist_1ybzpk2._.js:2477
[43184710ms] [LOG] [Fast Refresh] done in 369ms @ http://localhost:6001/_next/static/chunks/node_modules_next_dist_1ybzpk2._.js:2477
[43186485ms] [LOG] [Fast Refresh] rebuilding @ http://localhost:6001/_next/static/chunks/node_modules_next_dist_1ybzpk2._.js:2477
[43186520ms] [LOG] [Fast Refresh] done in 266ms @ http://localhost:6001/_next/static/chunks/node_modules_next_dist_1ybzpk2._.js:2477
[43188991ms] [LOG] [Fast Refresh] rebuilding @ http://localhost:6001/_next/static/chunks/node_modules_next_dist_1ybzpk2._.js:2477
[43188991ms] [LOG] [Fast Refresh] done in 128ms @ http://localhost:6001/_next/static/chunks/node_modules_next_dist_1ybzpk2._.js:2477
[43568537ms] [LOG] [Fast Refresh] rebuilding @ http://localhost:6001/_next/static/chunks/node_modules_next_dist_1ybzpk2._.js:2477
[43574734ms] [LOG] [Fast Refresh] done in 7571ms @ http://localhost:6001/_next/static/chunks/node_modules_next_dist_1ybzpk2._.js:2477
[43683172ms] [LOG] [Fast Refresh] rebuilding @ http://localhost:6001/_next/static/chunks/node_modules_next_dist_1ybzpk2._.js:2477
[43751134ms] [LOG] [Fast Refresh] done in 55691ms @ http://localhost:6001/_next/static/chunks/node_modules_next_dist_1ybzpk2._.js:2477
[44078706ms] [LOG] [Fast Refresh] rebuilding @ http://localhost:6001/_next/static/chunks/node_modules_next_dist_1ybzpk2._.js:2477
[44080866ms] [LOG] [Fast Refresh] done in 2427ms @ http://localhost:6001/_next/static/chunks/node_modules_next_dist_1ybzpk2._.js:2477
[44151800ms] [LOG] [Fast Refresh] rebuilding @ http://localhost:6001/_next/static/chunks/node_modules_next_dist_1ybzpk2._.js:2477
[44151878ms] [LOG] [Fast Refresh] done in 186ms @ http://localhost:6001/_next/static/chunks/node_modules_next_dist_1ybzpk2._.js:2477
[45723984ms] [LOG] [Fast Refresh] rebuilding @ http://localhost:6001/_next/static/chunks/node_modules_next_dist_1ybzpk2._.js:2477
[45725631ms] [LOG] [Fast Refresh] done in 1752ms @ http://localhost:6001/_next/static/chunks/node_modules_next_dist_1ybzpk2._.js:2477
[46552075ms] [LOG] [Fast Refresh] rebuilding @ http://localhost:6001/_next/static/chunks/node_modules_next_dist_1ybzpk2._.js:2477
[46554750ms] [LOG] [Fast Refresh] done in 2788ms @ http://localhost:6001/_next/static/chunks/node_modules_next_dist_1ybzpk2._.js:2477
[47005532ms] [LOG] [Fast Refresh] rebuilding @ http://localhost:6001/_next/static/chunks/node_modules_next_dist_1ybzpk2._.js:2477
[47005792ms] [LOG] [Fast Refresh] done in 376ms @ http://localhost:6001/_next/static/chunks/node_modules_next_dist_1ybzpk2._.js:2477
[47006086ms] [LOG] [Fast Refresh] rebuilding @ http://localhost:6001/_next/static/chunks/node_modules_next_dist_1ybzpk2._.js:2477
[47006152ms] [LOG] [Fast Refresh] done in 169ms @ http://localhost:6001/_next/static/chunks/node_modules_next_dist_1ybzpk2._.js:2477
[47006289ms] [LOG] [Fast Refresh] rebuilding @ http://localhost:6001/_next/static/chunks/node_modules_next_dist_1ybzpk2._.js:2477
[47006349ms] [LOG] [Fast Refresh] done in 167ms @ http://localhost:6001/_next/static/chunks/node_modules_next_dist_1ybzpk2._.js:2477
[79187814ms] [LOG] [Fast Refresh] rebuilding @ http://localhost:6001/_next/static/chunks/node_modules_next_dist_1ybzpk2._.js:2477
[79187890ms] [LOG] [Fast Refresh] done in 273ms @ http://localhost:6001/_next/static/chunks/node_modules_next_dist_1ybzpk2._.js:2477
[79312164ms] [LOG] [Fast Refresh] rebuilding @ http://localhost:6001/_next/static/chunks/node_modules_next_dist_1ybzpk2._.js:2477
[79322820ms] [LOG] [Fast Refresh] done in 10769ms @ http://localhost:6001/_next/static/chunks/node_modules_next_dist_1ybzpk2._.js:2477
[79687416ms] [LOG] [Fast Refresh] rebuilding @ http://localhost:6001/_next/static/chunks/node_modules_next_dist_1ybzpk2._.js:2477
[79687514ms] [LOG] [Fast Refresh] done in 216ms @ http://localhost:6001/_next/static/chunks/node_modules_next_dist_1ybzpk2._.js:2477
[79701084ms] [LOG] [Fast Refresh] rebuilding @ http://localhost:6001/_next/static/chunks/node_modules_next_dist_1ybzpk2._.js:2477
[79701286ms] [LOG] [Fast Refresh] done in 304ms @ http://localhost:6001/_next/static/chunks/node_modules_next_dist_1ybzpk2._.js:2477
[79701424ms] [LOG] [Fast Refresh] rebuilding @ http://localhost:6001/_next/static/chunks/node_modules_next_dist_1ybzpk2._.js:2477
[79703066ms] [LOG] [Fast Refresh] done in 1742ms @ http://localhost:6001/_next/static/chunks/node_modules_next_dist_1ybzpk2._.js:2477
[79705611ms] [LOG] [Fast Refresh] rebuilding @ http://localhost:6001/_next/static/chunks/node_modules_next_dist_1ybzpk2._.js:2477
[79705711ms] [LOG] [Fast Refresh] done in 724ms @ http://localhost:6001/_next/static/chunks/node_modules_next_dist_1ybzpk2._.js:2477
[80587748ms] [LOG] [Fast Refresh] rebuilding @ http://localhost:6001/_next/static/chunks/node_modules_next_dist_1ybzpk2._.js:2477
[80587971ms] [LOG] [Fast Refresh] done in 341ms @ http://localhost:6001/_next/static/chunks/node_modules_next_dist_1ybzpk2._.js:2477
[81068381ms] [LOG] [Fast Refresh] rebuilding @ http://localhost:6001/_next/static/chunks/node_modules_next_dist_1ybzpk2._.js:2477
[81072750ms] [LOG] [Fast Refresh] done in 4494ms @ http://localhost:6001/_next/static/chunks/node_modules_next_dist_1ybzpk2._.js:2477
[81088439ms] [LOG] [Fast Refresh] rebuilding @ http://localhost:6001/_next/static/chunks/node_modules_next_dist_1ybzpk2._.js:2477
[81089482ms] [LOG] [Fast Refresh] done in 1144ms @ http://localhost:6001/_next/static/chunks/node_modules_next_dist_1ybzpk2._.js:2477
[81089658ms] [LOG] [Fast Refresh] rebuilding @ http://localhost:6001/_next/static/chunks/node_modules_next_dist_1ybzpk2._.js:2477
[81101859ms] [LOG] [Fast Refresh] done in 11531ms @ http://localhost:6001/_next/static/chunks/node_modules_next_dist_1ybzpk2._.js:2477
[81487405ms] [LOG] [Fast Refresh] rebuilding @ http://localhost:6001/_next/static/chunks/node_modules_next_dist_1ybzpk2._.js:2477
[81487411ms] [LOG] [Fast Refresh] done in 238ms @ http://localhost:6001/_next/static/chunks/node_modules_next_dist_1ybzpk2._.js:2477
[81728481ms] [LOG] [Fast Refresh] rebuilding @ http://localhost:6001/_next/static/chunks/node_modules_next_dist_1ybzpk2._.js:2477
[81734364ms] [LOG] [Fast Refresh] done in 6011ms @ http://localhost:6001/_next/static/chunks/node_modules_next_dist_1ybzpk2._.js:2477
[81735907ms] [LOG] [Fast Refresh] rebuilding @ http://localhost:6001/_next/static/chunks/node_modules_next_dist_1ybzpk2._.js:2477
[81736091ms] [LOG] [Fast Refresh] done in 299ms @ http://localhost:6001/_next/static/chunks/node_modules_next_dist_1ybzpk2._.js:2477
[83758367ms] [LOG] [Fast Refresh] rebuilding @ http://localhost:6001/_next/static/chunks/node_modules_next_dist_1ybzpk2._.js:2477
[83758435ms] [LOG] [Fast Refresh] done in 178ms @ http://localhost:6001/_next/static/chunks/node_modules_next_dist_1ybzpk2._.js:2477
[84358654ms] [LOG] [Fast Refresh] rebuilding @ http://localhost:6001/_next/static/chunks/node_modules_next_dist_1ybzpk2._.js:2477
[84358659ms] [LOG] [Fast Refresh] done in 124ms @ http://localhost:6001/_next/static/chunks/node_modules_next_dist_1ybzpk2._.js:2477
[85870490ms] [LOG] [Fast Refresh] rebuilding @ http://localhost:6001/_next/static/chunks/node_modules_next_dist_1ybzpk2._.js:2477
[85870512ms] [LOG] [Fast Refresh] done in 135ms @ http://localhost:6001/_next/static/chunks/node_modules_next_dist_1ybzpk2._.js:2477
[89470692ms] [LOG] [Fast Refresh] rebuilding @ http://localhost:6001/_next/static/chunks/node_modules_next_dist_1ybzpk2._.js:2477
[89470712ms] [LOG] [Fast Refresh] done in 125ms @ http://localhost:6001/_next/static/chunks/node_modules_next_dist_1ybzpk2._.js:2477
[91388649ms] [LOG] [Fast Refresh] rebuilding @ http://localhost:6001/_next/static/chunks/node_modules_next_dist_1ybzpk2._.js:2477
[91388693ms] [LOG] [Fast Refresh] done in 157ms @ http://localhost:6001/_next/static/chunks/node_modules_next_dist_1ybzpk2._.js:2477
[93071009ms] [LOG] [Fast Refresh] rebuilding @ http://localhost:6001/_next/static/chunks/node_modules_next_dist_1ybzpk2._.js:2477
[93071051ms] [LOG] [Fast Refresh] done in 148ms @ http://localhost:6001/_next/static/chunks/node_modules_next_dist_1ybzpk2._.js:2477
[94271255ms] [LOG] [Fast Refresh] rebuilding @ http://localhost:6001/_next/static/chunks/node_modules_next_dist_1ybzpk2._.js:2477
[94271311ms] [LOG] [Fast Refresh] done in 173ms @ http://localhost:6001/_next/static/chunks/node_modules_next_dist_1ybzpk2._.js:2477
[95161124ms] [LOG] [Fast Refresh] rebuilding @ http://localhost:6001/_next/static/chunks/node_modules_next_dist_1ybzpk2._.js:2477
[95161141ms] [LOG] [Fast Refresh] done in 133ms @ http://localhost:6001/_next/static/chunks/node_modules_next_dist_1ybzpk2._.js:2477
[96127812ms] [LOG] [Fast Refresh] rebuilding @ http://localhost:6001/_next/static/chunks/node_modules_next_dist_1ybzpk2._.js:2477
[96127837ms] [LOG] [Fast Refresh] done in 278ms @ http://localhost:6001/_next/static/chunks/node_modules_next_dist_1ybzpk2._.js:2477
[96789774ms] [LOG] [Fast Refresh] rebuilding @ http://localhost:6001/_next/static/chunks/node_modules_next_dist_1ybzpk2._.js:2477
[96789928ms] [LOG] [Fast Refresh] done in 270ms @ http://localhost:6001/_next/static/chunks/node_modules_next_dist_1ybzpk2._.js:2477
[96961574ms] [LOG] [Fast Refresh] rebuilding @ http://localhost:6001/_next/static/chunks/node_modules_next_dist_1ybzpk2._.js:2477
[96961613ms] [LOG] [Fast Refresh] done in 154ms @ http://localhost:6001/_next/static/chunks/node_modules_next_dist_1ybzpk2._.js:2477
