[     130ms] [LOG] [Fast Refresh] rebuilding @ http://localhost:6001/_next/static/chunks/node_modules_next_dist_1ybzpk2._.js:2477
[     304ms] [LOG] [Fast Refresh] done in 286ms @ http://localhost:6001/_next/static/chunks/node_modules_next_dist_1ybzpk2._.js:2477
[     442ms] [INFO] %cDownload the React DevTools for a better development experience: https://react.dev/link/react-devtools font-weight:bold @ http://localhost:6001/_next/static/chunks/node_modules_next_dist_1ybzpk2._.js:2477
[     484ms] [LOG] [HMR] connected @ http://localhost:6001/_next/static/chunks/node_modules_next_dist_1ybzpk2._.js:2477
[     812ms] [WARNING] Image with src "/profile.jpg" has "fill" but is missing "sizes" prop. Please add it to improve page performance. Read more: https://nextjs.org/docs/api-reference/next/image#sizes @ http://localhost:6001/_next/static/chunks/node_modules_next_dist_1ybzpk2._.js:2477
[   97386ms] [LOG] [Fast Refresh] rebuilding @ http://localhost:6001/_next/static/chunks/node_modules_next_dist_1ybzpk2._.js:2477
[   97526ms] [LOG] [Fast Refresh] done in 242ms @ http://localhost:6001/_next/static/chunks/node_modules_next_dist_1ybzpk2._.js:2477
[   98158ms] [LOG] [Fast Refresh] rebuilding @ http://localhost:6001/_next/static/chunks/node_modules_next_dist_1ybzpk2._.js:2477
[   98205ms] [LOG] [Fast Refresh] done in 150ms @ http://localhost:6001/_next/static/chunks/node_modules_next_dist_1ybzpk2._.js:2477
[   98311ms] [LOG] [Fast Refresh] rebuilding @ http://localhost:6001/_next/static/chunks/node_modules_next_dist_1ybzpk2._.js:2477
[   98378ms] [LOG] [Fast Refresh] done in 170ms @ http://localhost:6001/_next/static/chunks/node_modules_next_dist_1ybzpk2._.js:2477
[   98493ms] [LOG] [Fast Refresh] rebuilding @ http://localhost:6001/_next/static/chunks/node_modules_next_dist_1ybzpk2._.js:2477
[   98697ms] [LOG] [Fast Refresh] done in 318ms @ http://localhost:6001/_next/static/chunks/node_modules_next_dist_1ybzpk2._.js:2477
[   98797ms] [LOG] [Fast Refresh] rebuilding @ http://localhost:6001/_next/static/chunks/node_modules_next_dist_1ybzpk2._.js:2477
[   98831ms] [LOG] [Fast Refresh] done in 134ms @ http://localhost:6001/_next/static/chunks/node_modules_next_dist_1ybzpk2._.js:2477
[   98953ms] [LOG] [Fast Refresh] rebuilding @ http://localhost:6001/_next/static/chunks/node_modules_next_dist_1ybzpk2._.js:2477
[   98971ms] [LOG] [Fast Refresh] done in 123ms @ http://localhost:6001/_next/static/chunks/node_modules_next_dist_1ybzpk2._.js:2477
[   99074ms] [LOG] [Fast Refresh] rebuilding @ http://localhost:6001/_next/static/chunks/node_modules_next_dist_1ybzpk2._.js:2477
[   99083ms] [LOG] [Fast Refresh] done in 111ms @ http://localhost:6001/_next/static/chunks/node_modules_next_dist_1ybzpk2._.js:2477
[   99194ms] [LOG] [Fast Refresh] rebuilding @ http://localhost:6001/_next/static/chunks/node_modules_next_dist_1ybzpk2._.js:2477
[   99231ms] [LOG] [Fast Refresh] done in 147ms @ http://localhost:6001/_next/static/chunks/node_modules_next_dist_1ybzpk2._.js:2477
[   99384ms] [LOG] [Fast Refresh] rebuilding @ http://localhost:6001/_next/static/chunks/node_modules_next_dist_1ybzpk2._.js:2477
[   99387ms] [LOG] [Fast Refresh] done in 108ms @ http://localhost:6001/_next/static/chunks/node_modules_next_dist_1ybzpk2._.js:2477
[   99490ms] [LOG] [Fast Refresh] rebuilding @ http://localhost:6001/_next/static/chunks/node_modules_next_dist_1ybzpk2._.js:2477
[   99509ms] [LOG] [Fast Refresh] done in 121ms @ http://localhost:6001/_next/static/chunks/node_modules_next_dist_1ybzpk2._.js:2477
[   99644ms] [LOG] [Fast Refresh] rebuilding @ http://localhost:6001/_next/static/chunks/node_modules_next_dist_1ybzpk2._.js:2477
[   99668ms] [LOG] [Fast Refresh] done in 129ms @ http://localhost:6001/_next/static/chunks/node_modules_next_dist_1ybzpk2._.js:2477
[  202972ms] [LOG] [Fast Refresh] rebuilding @ http://localhost:6001/_next/static/chunks/node_modules_next_dist_1ybzpk2._.js:2477
[  206793ms] [LOG] [Fast Refresh] done in 3911ms @ http://localhost:6001/_next/static/chunks/node_modules_next_dist_1ybzpk2._.js:2477
[  206906ms] [LOG] [Fast Refresh] rebuilding @ http://localhost:6001/_next/static/chunks/node_modules_next_dist_1ybzpk2._.js:2477
[  207686ms] [LOG] [Fast Refresh] done in 886ms @ http://localhost:6001/_next/static/chunks/node_modules_next_dist_1ybzpk2._.js:2477
[  228160ms] [LOG] [Fast Refresh] rebuilding @ http://localhost:6001/_next/static/chunks/node_modules_next_dist_1ybzpk2._.js:2477
[  228327ms] [LOG] [Fast Refresh] done in 270ms @ http://localhost:6001/_next/static/chunks/node_modules_next_dist_1ybzpk2._.js:2477
[  228471ms] [LOG] [Fast Refresh] rebuilding @ http://localhost:6001/_next/static/chunks/node_modules_next_dist_1ybzpk2._.js:2477
[  229179ms] [LOG] [Fast Refresh] done in 627ms @ http://localhost:6001/_next/static/chunks/node_modules_next_dist_1ybzpk2._.js:2477
[  270347ms] [LOG] [Fast Refresh] rebuilding @ http://localhost:6001/_next/static/chunks/node_modules_next_dist_1ybzpk2._.js:2477
[  270371ms] [LOG] [Fast Refresh] done in 113ms @ http://localhost:6001/_next/static/chunks/node_modules_next_dist_1ybzpk2._.js:2477
[  270473ms] [LOG] [Fast Refresh] rebuilding @ http://localhost:6001/_next/static/chunks/node_modules_next_dist_1ybzpk2._.js:2477
[  270548ms] [LOG] [Fast Refresh] done in 176ms @ http://localhost:6001/_next/static/chunks/node_modules_next_dist_1ybzpk2._.js:2477
[  290883ms] [LOG] [Fast Refresh] rebuilding @ http://localhost:6001/_next/static/chunks/node_modules_next_dist_1ybzpk2._.js:2477
[  290982ms] [LOG] [Fast Refresh] done in 200ms @ http://localhost:6001/_next/static/chunks/node_modules_next_dist_1ybzpk2._.js:2477
[  291083ms] [LOG] [Fast Refresh] rebuilding @ http://localhost:6001/_next/static/chunks/node_modules_next_dist_1ybzpk2._.js:2477
[  291314ms] [LOG] [Fast Refresh] done in 140ms @ http://localhost:6001/_next/static/chunks/node_modules_next_dist_1ybzpk2._.js:2477
